<?xml version="1.0" encoding="UTF-8"?>
<!-- Generated by org.testng.reporters.JUnitReportReporter -->
<testsuite hostname="DESKTOP-K7S4MCF" failures="0" tests="2" name="Grouping" time="24.944" errors="0" timestamp="2022-02-27T19:06:19 IST" skipped="0">
  <testcase classname="Grouping" name="LogIN1" time="14.024"/>
  <system-out/>
  <testcase classname="Grouping" name="LogIN2" time="10.920"/>
  <system-out/>
</testsuite> <!-- Grouping -->
